\BOOKMARK [0][-]{chapter.1}{What you should know}{}% 1
\BOOKMARK [1][-]{section.1.1}{Introduction}{chapter.1}% 2
\BOOKMARK [1][-]{section.1.2}{Calculus}{chapter.1}% 3
\BOOKMARK [1][-]{section.1.3}{Linear algebra}{chapter.1}% 4
\BOOKMARK [1][-]{section.1.4}{Differential Equations}{chapter.1}% 5
\BOOKMARK [0][-]{chapter.2}{Series solutions}{}% 6
\BOOKMARK [1][-]{section.2.1}{Power series}{chapter.2}% 7
\BOOKMARK [1][-]{section.2.2}{Series solutions at ordinary points}{chapter.2}% 8
\BOOKMARK [1][-]{section.2.3}{Legendre series}{chapter.2}% 9
\BOOKMARK [1][-]{section.2.4}{Series solutions at regular singularities}{chapter.2}% 10
\BOOKMARK [1][-]{section.2.5}{More on Frobenius methods \(partial\)}{chapter.2}% 11
\BOOKMARK [1][-]{section.2.6}{Bessel equations}{chapter.2}% 12
\BOOKMARK [1][-]{section.2.7}{Series as vectors \(an introduction to L2\)}{chapter.2}% 13
\BOOKMARK [0][-]{chapter.3}{All things Fourier}{}% 14
\BOOKMARK [1][-]{section.3.1}{Periodicity}{chapter.3}% 15
\BOOKMARK [1][-]{section.3.2}{Complex exponentials and trig functions}{chapter.3}% 16
\BOOKMARK [1][-]{section.3.3}{Sums of periodic functions}{chapter.3}% 17
\BOOKMARK [1][-]{section.3.4}{Questions of convergence}{chapter.3}% 18
\BOOKMARK [1][-]{section.3.5}{First applications}{chapter.3}% 19
\BOOKMARK [1][-]{section.3.6}{Fourier series and linear algebra}{chapter.3}% 20
\BOOKMARK [1][-]{section.3.7}{The Fourier transform}{chapter.3}% 21
\BOOKMARK [1][-]{section.3.8}{Convolution}{chapter.3}% 22
\BOOKMARK [1][-]{section.3.9}{Applications of convolution}{chapter.3}% 23
\BOOKMARK [0][-]{chapter.4}{The Laplace Transform}{}% 24
\BOOKMARK [1][-]{section.4.1}{The Laplace Transform}{chapter.4}% 25
\BOOKMARK [1][-]{section.4.2}{Periodic functions}{chapter.4}% 26
\BOOKMARK [1][-]{section.4.3}{The Laplace transform of derivatives}{chapter.4}% 27
\BOOKMARK [1][-]{section.4.4}{The shifting theorems}{chapter.4}% 28
\BOOKMARK [1][-]{section.4.5}{Heaviside functions}{chapter.4}% 29
\BOOKMARK [1][-]{section.4.6}{Impulses - the Dirac delta ``function''}{chapter.4}% 30
\BOOKMARK [1][-]{section.4.7}{Convolution}{chapter.4}% 31
